{"C:\\Users\\user\\Проект 12\\stellar-burgers\\src\\services\\slices\\auth-slice.ts": {"path":"C:\\Users\\user\\Проект 12\\stellar-burgers\\src\\services\\slices\\auth-slice.ts","statementMap":{"0":{"start":{"line":1,"column":0},"end":{"line":1,"column":null}},"1":{"start":{"line":12,"column":0},"end":{"line":12,"column":65}},"2":{"start":{"line":14,"column":0},"end":{"line":14,"column":61}},"3":{"start":{"line":24,"column":32},"end":{"line":30,"column":2}},"4":{"start":{"line":32,"column":13},"end":{"line":40,"column":2}},"5":{"start":{"line":34,"column":25},"end":{"line":39,"column":null}},"6":{"start":{"line":35,"column":21},"end":{"line":35,"column":null}},"7":{"start":{"line":35,"column":10},"end":{"line":35,"column":null}},"8":{"start":{"line":36,"column":4},"end":{"line":36,"column":51}},"9":{"start":{"line":37,"column":4},"end":{"line":37,"column":64}},"10":{"start":{"line":38,"column":4},"end":{"line":38,"column":25}},"11":{"start":{"line":42,"column":13},"end":{"line":50,"column":2}},"12":{"start":{"line":44,"column":28},"end":{"line":49,"column":null}},"13":{"start":{"line":45,"column":21},"end":{"line":45,"column":null}},"14":{"start":{"line":45,"column":10},"end":{"line":45,"column":null}},"15":{"start":{"line":46,"column":4},"end":{"line":46,"column":51}},"16":{"start":{"line":47,"column":4},"end":{"line":47,"column":64}},"17":{"start":{"line":48,"column":4},"end":{"line":48,"column":25}},"18":{"start":{"line":52,"column":13},"end":{"line":56,"column":3}},"19":{"start":{"line":52,"column":54},"end":{"line":56,"column":2}},"20":{"start":{"line":53,"column":2},"end":{"line":53,"column":20}},"21":{"start":{"line":54,"column":2},"end":{"line":54,"column":30}},"22":{"start":{"line":55,"column":2},"end":{"line":55,"column":42}},"23":{"start":{"line":58,"column":13},"end":{"line":61,"column":3}},"24":{"start":{"line":58,"column":60},"end":{"line":61,"column":2}},"25":{"start":{"line":59,"column":19},"end":{"line":59,"column":null}},"26":{"start":{"line":59,"column":8},"end":{"line":59,"column":null}},"27":{"start":{"line":60,"column":2},"end":{"line":60,"column":23}},"28":{"start":{"line":63,"column":13},"end":{"line":69,"column":2}},"29":{"start":{"line":65,"column":37},"end":{"line":68,"column":null}},"30":{"start":{"line":66,"column":21},"end":{"line":66,"column":null}},"31":{"start":{"line":66,"column":10},"end":{"line":66,"column":null}},"32":{"start":{"line":67,"column":4},"end":{"line":67,"column":25}},"33":{"start":{"line":71,"column":13},"end":{"line":76,"column":2}},"34":{"start":{"line":73,"column":22},"end":{"line":75,"column":null}},"35":{"start":{"line":74,"column":4},"end":{"line":74,"column":39}},"36":{"start":{"line":78,"column":13},"end":{"line":83,"column":2}},"37":{"start":{"line":80,"column":50},"end":{"line":82,"column":null}},"38":{"start":{"line":81,"column":4},"end":{"line":81,"column":33}},"39":{"start":{"line":85,"column":18},"end":{"line":177,"column":2}},"40":{"start":{"line":90,"column":4},"end":{"line":175,"column":9}},"41":{"start":{"line":92,"column":8},"end":{"line":92,"column":29}},"42":{"start":{"line":93,"column":8},"end":{"line":93,"column":27}},"43":{"start":{"line":96,"column":8},"end":{"line":96,"column":30}},"44":{"start":{"line":97,"column":8},"end":{"line":97,"column":67}},"45":{"start":{"line":100,"column":8},"end":{"line":100,"column":30}},"46":{"start":{"line":101,"column":8},"end":{"line":101,"column":36}},"47":{"start":{"line":102,"column":8},"end":{"line":102,"column":28}},"48":{"start":{"line":106,"column":8},"end":{"line":106,"column":29}},"49":{"start":{"line":107,"column":8},"end":{"line":107,"column":27}},"50":{"start":{"line":110,"column":8},"end":{"line":110,"column":30}},"51":{"start":{"line":111,"column":8},"end":{"line":111,"column":67}},"52":{"start":{"line":114,"column":8},"end":{"line":114,"column":30}},"53":{"start":{"line":115,"column":8},"end":{"line":115,"column":36}},"54":{"start":{"line":116,"column":8},"end":{"line":116,"column":28}},"55":{"start":{"line":120,"column":8},"end":{"line":120,"column":35}},"56":{"start":{"line":121,"column":8},"end":{"line":121,"column":26}},"57":{"start":{"line":122,"column":8},"end":{"line":122,"column":29}},"58":{"start":{"line":126,"column":8},"end":{"line":126,"column":29}},"59":{"start":{"line":127,"column":8},"end":{"line":127,"column":27}},"60":{"start":{"line":130,"column":8},"end":{"line":130,"column":35}},"61":{"start":{"line":131,"column":8},"end":{"line":131,"column":30}},"62":{"start":{"line":134,"column":8},"end":{"line":134,"column":35}},"63":{"start":{"line":135,"column":8},"end":{"line":135,"column":30}},"64":{"start":{"line":136,"column":8},"end":{"line":136,"column":36}},"65":{"start":{"line":137,"column":8},"end":{"line":137,"column":28}},"66":{"start":{"line":141,"column":8},"end":{"line":141,"column":29}},"67":{"start":{"line":142,"column":8},"end":{"line":142,"column":27}},"68":{"start":{"line":145,"column":8},"end":{"line":145,"column":30}},"69":{"start":{"line":146,"column":8},"end":{"line":146,"column":73}},"70":{"start":{"line":149,"column":8},"end":{"line":149,"column":30}},"71":{"start":{"line":150,"column":8},"end":{"line":150,"column":36}},"72":{"start":{"line":154,"column":8},"end":{"line":154,"column":29}},"73":{"start":{"line":155,"column":8},"end":{"line":155,"column":27}},"74":{"start":{"line":158,"column":8},"end":{"line":158,"column":30}},"75":{"start":{"line":159,"column":8},"end":{"line":159,"column":73}},"76":{"start":{"line":162,"column":8},"end":{"line":162,"column":30}},"77":{"start":{"line":166,"column":8},"end":{"line":166,"column":29}},"78":{"start":{"line":167,"column":8},"end":{"line":167,"column":27}},"79":{"start":{"line":170,"column":8},"end":{"line":170,"column":30}},"80":{"start":{"line":171,"column":8},"end":{"line":171,"column":69}},"81":{"start":{"line":174,"column":8},"end":{"line":174,"column":30}},"82":{"start":{"line":179,"column":0},"end":{"line":179,"column":33}}},"fnMap":{"0":{"name":"(anonymous_13)","decl":{"start":{"line":34,"column":2},"end":{"line":34,"column":9}},"loc":{"start":{"line":34,"column":25},"end":{"line":39,"column":null}}},"1":{"name":"(anonymous_14)","decl":{"start":{"line":34,"column":25},"end":{"line":34,"column":null}},"loc":{"start":{"line":34,"column":25},"end":{"line":39,"column":null}}},"2":{"name":"(anonymous_16)","decl":{"start":{"line":44,"column":2},"end":{"line":44,"column":9}},"loc":{"start":{"line":44,"column":28},"end":{"line":49,"column":null}}},"3":{"name":"(anonymous_17)","decl":{"start":{"line":44,"column":28},"end":{"line":44,"column":null}},"loc":{"start":{"line":44,"column":28},"end":{"line":49,"column":null}}},"4":{"name":"(anonymous_19)","decl":{"start":{"line":52,"column":54},"end":{"line":52,"column":null}},"loc":{"start":{"line":52,"column":54},"end":{"line":56,"column":2}}},"5":{"name":"(anonymous_22)","decl":{"start":{"line":58,"column":60},"end":{"line":58,"column":null}},"loc":{"start":{"line":58,"column":60},"end":{"line":61,"column":2}}},"6":{"name":"(anonymous_25)","decl":{"start":{"line":65,"column":2},"end":{"line":65,"column":9}},"loc":{"start":{"line":65,"column":37},"end":{"line":68,"column":null}}},"7":{"name":"(anonymous_26)","decl":{"start":{"line":65,"column":37},"end":{"line":65,"column":null}},"loc":{"start":{"line":65,"column":37},"end":{"line":68,"column":null}}},"8":{"name":"(anonymous_28)","decl":{"start":{"line":73,"column":2},"end":{"line":73,"column":9}},"loc":{"start":{"line":73,"column":22},"end":{"line":75,"column":null}}},"9":{"name":"(anonymous_29)","decl":{"start":{"line":73,"column":22},"end":{"line":73,"column":null}},"loc":{"start":{"line":73,"column":22},"end":{"line":75,"column":null}}},"10":{"name":"(anonymous_31)","decl":{"start":{"line":80,"column":2},"end":{"line":80,"column":9}},"loc":{"start":{"line":80,"column":50},"end":{"line":82,"column":null}}},"11":{"name":"(anonymous_32)","decl":{"start":{"line":80,"column":50},"end":{"line":80,"column":null}},"loc":{"start":{"line":80,"column":50},"end":{"line":82,"column":null}}},"12":{"name":"(anonymous_34)","decl":{"start":{"line":89,"column":17},"end":{"line":89,"column":18}},"loc":{"start":{"line":89,"column":25},"end":{"line":176,"column":3}}},"13":{"name":"(anonymous_35)","decl":{"start":{"line":91,"column":30},"end":{"line":91,"column":31}},"loc":{"start":{"line":91,"column":36},"end":{"line":94,"column":7}}},"14":{"name":"(anonymous_36)","decl":{"start":{"line":95,"column":31},"end":{"line":95,"column":32}},"loc":{"start":{"line":95,"column":45},"end":{"line":98,"column":7}}},"15":{"name":"(anonymous_37)","decl":{"start":{"line":99,"column":32},"end":{"line":99,"column":33}},"loc":{"start":{"line":99,"column":46},"end":{"line":103,"column":7}}},"16":{"name":"(anonymous_38)","decl":{"start":{"line":105,"column":33},"end":{"line":105,"column":34}},"loc":{"start":{"line":105,"column":39},"end":{"line":108,"column":7}}},"17":{"name":"(anonymous_39)","decl":{"start":{"line":109,"column":34},"end":{"line":109,"column":35}},"loc":{"start":{"line":109,"column":48},"end":{"line":112,"column":7}}},"18":{"name":"(anonymous_40)","decl":{"start":{"line":113,"column":35},"end":{"line":113,"column":36}},"loc":{"start":{"line":113,"column":49},"end":{"line":117,"column":7}}},"19":{"name":"(anonymous_41)","decl":{"start":{"line":119,"column":33},"end":{"line":119,"column":34}},"loc":{"start":{"line":119,"column":39},"end":{"line":123,"column":7}}},"20":{"name":"(anonymous_42)","decl":{"start":{"line":125,"column":34},"end":{"line":125,"column":35}},"loc":{"start":{"line":125,"column":40},"end":{"line":128,"column":7}}},"21":{"name":"(anonymous_43)","decl":{"start":{"line":129,"column":35},"end":{"line":129,"column":36}},"loc":{"start":{"line":129,"column":49},"end":{"line":132,"column":7}}},"22":{"name":"(anonymous_44)","decl":{"start":{"line":133,"column":36},"end":{"line":133,"column":37}},"loc":{"start":{"line":133,"column":50},"end":{"line":138,"column":7}}},"23":{"name":"(anonymous_45)","decl":{"start":{"line":140,"column":35},"end":{"line":140,"column":36}},"loc":{"start":{"line":140,"column":41},"end":{"line":143,"column":7}}},"24":{"name":"(anonymous_46)","decl":{"start":{"line":144,"column":36},"end":{"line":144,"column":37}},"loc":{"start":{"line":144,"column":50},"end":{"line":147,"column":7}}},"25":{"name":"(anonymous_47)","decl":{"start":{"line":148,"column":37},"end":{"line":148,"column":38}},"loc":{"start":{"line":148,"column":51},"end":{"line":151,"column":7}}},"26":{"name":"(anonymous_48)","decl":{"start":{"line":153,"column":39},"end":{"line":153,"column":40}},"loc":{"start":{"line":153,"column":45},"end":{"line":156,"column":7}}},"27":{"name":"(anonymous_49)","decl":{"start":{"line":157,"column":40},"end":{"line":157,"column":41}},"loc":{"start":{"line":157,"column":54},"end":{"line":160,"column":7}}},"28":{"name":"(anonymous_50)","decl":{"start":{"line":161,"column":41},"end":{"line":161,"column":42}},"loc":{"start":{"line":161,"column":47},"end":{"line":163,"column":7}}},"29":{"name":"(anonymous_51)","decl":{"start":{"line":165,"column":38},"end":{"line":165,"column":39}},"loc":{"start":{"line":165,"column":44},"end":{"line":168,"column":7}}},"30":{"name":"(anonymous_52)","decl":{"start":{"line":169,"column":39},"end":{"line":169,"column":40}},"loc":{"start":{"line":169,"column":53},"end":{"line":172,"column":7}}},"31":{"name":"(anonymous_53)","decl":{"start":{"line":173,"column":40},"end":{"line":173,"column":41}},"loc":{"start":{"line":173,"column":46},"end":{"line":175,"column":7}}}},"branchMap":{"0":{"loc":{"start":{"line":35,"column":21},"end":{"line":35,"column":null}},"type":"switch","locations":[{"start":{"line":35,"column":21},"end":{"line":35,"column":null}}]},"1":{"loc":{"start":{"line":45,"column":21},"end":{"line":45,"column":null}},"type":"switch","locations":[{"start":{"line":45,"column":21},"end":{"line":45,"column":null}}]},"2":{"loc":{"start":{"line":53,"column":2},"end":{"line":53,"column":20}},"type":"switch","locations":[{"start":{"line":53,"column":2},"end":{"line":53,"column":20}}]},"3":{"loc":{"start":{"line":59,"column":19},"end":{"line":59,"column":null}},"type":"switch","locations":[{"start":{"line":59,"column":19},"end":{"line":59,"column":null}}]},"4":{"loc":{"start":{"line":66,"column":21},"end":{"line":66,"column":null}},"type":"switch","locations":[{"start":{"line":66,"column":21},"end":{"line":66,"column":null}}]},"5":{"loc":{"start":{"line":74,"column":4},"end":{"line":74,"column":39}},"type":"switch","locations":[{"start":{"line":74,"column":4},"end":{"line":74,"column":39}}]},"6":{"loc":{"start":{"line":81,"column":4},"end":{"line":81,"column":33}},"type":"switch","locations":[{"start":{"line":81,"column":4},"end":{"line":81,"column":33}}]},"7":{"loc":{"start":{"line":97,"column":22},"end":{"line":97,"column":66}},"type":"binary-expr","locations":[{"start":{"line":97,"column":22},"end":{"line":97,"column":42}},{"start":{"line":97,"column":46},"end":{"line":97,"column":66}}]},"8":{"loc":{"start":{"line":111,"column":22},"end":{"line":111,"column":66}},"type":"binary-expr","locations":[{"start":{"line":111,"column":22},"end":{"line":111,"column":42}},{"start":{"line":111,"column":46},"end":{"line":111,"column":66}}]},"9":{"loc":{"start":{"line":146,"column":22},"end":{"line":146,"column":72}},"type":"binary-expr","locations":[{"start":{"line":146,"column":22},"end":{"line":146,"column":42}},{"start":{"line":146,"column":46},"end":{"line":146,"column":72}}]},"10":{"loc":{"start":{"line":159,"column":22},"end":{"line":159,"column":72}},"type":"binary-expr","locations":[{"start":{"line":159,"column":22},"end":{"line":159,"column":42}},{"start":{"line":159,"column":46},"end":{"line":159,"column":72}}]},"11":{"loc":{"start":{"line":171,"column":22},"end":{"line":171,"column":68}},"type":"binary-expr","locations":[{"start":{"line":171,"column":22},"end":{"line":171,"column":42}},{"start":{"line":171,"column":46},"end":{"line":171,"column":68}}]}},"s":{"0":1,"1":1,"2":1,"3":1,"4":1,"5":0,"6":0,"7":0,"8":0,"9":0,"10":0,"11":1,"12":0,"13":0,"14":0,"15":0,"16":0,"17":0,"18":1,"19":0,"20":0,"21":0,"22":0,"23":1,"24":0,"25":0,"26":0,"27":0,"28":1,"29":0,"30":0,"31":0,"32":0,"33":1,"34":0,"35":0,"36":1,"37":0,"38":0,"39":1,"40":1,"41":0,"42":0,"43":0,"44":0,"45":0,"46":0,"47":0,"48":0,"49":0,"50":0,"51":0,"52":0,"53":0,"54":0,"55":0,"56":0,"57":0,"58":0,"59":0,"60":0,"61":0,"62":0,"63":0,"64":0,"65":0,"66":0,"67":0,"68":0,"69":0,"70":0,"71":0,"72":0,"73":0,"74":0,"75":0,"76":0,"77":0,"78":0,"79":0,"80":0,"81":0,"82":1},"f":{"0":0,"1":0,"2":0,"3":0,"4":0,"5":0,"6":0,"7":0,"8":0,"9":0,"10":0,"11":0,"12":1,"13":0,"14":0,"15":0,"16":0,"17":0,"18":0,"19":0,"20":0,"21":0,"22":0,"23":0,"24":0,"25":0,"26":0,"27":0,"28":0,"29":0,"30":0,"31":0},"b":{"0":[0],"1":[0],"2":[0],"3":[0],"4":[0],"5":[0],"6":[0],"7":[0,0],"8":[0,0],"9":[0,0],"10":[0,0],"11":[0,0]}}
,"C:\\Users\\user\\Проект 12\\stellar-burgers\\src\\services\\slices\\constructor-slice.ts": {"path":"C:\\Users\\user\\Проект 12\\stellar-burgers\\src\\services\\slices\\constructor-slice.ts","statementMap":{"0":{"start":{"line":1,"column":0},"end":{"line":1,"column":62}},"1":{"start":{"line":9,"column":39},"end":{"line":12,"column":2}},"2":{"start":{"line":14,"column":25},"end":{"line":53,"column":2}},"3":{"start":{"line":20,"column":27},"end":{"line":20,"column":41}},"4":{"start":{"line":22,"column":8},"end":{"line":26,"column":9}},"5":{"start":{"line":23,"column":10},"end":{"line":23,"column":33}},"6":{"start":{"line":25,"column":10},"end":{"line":25,"column":71}},"7":{"start":{"line":29,"column":8},"end":{"line":31,"column":9}},"8":{"start":{"line":30,"column":10},"end":{"line":30,"column":41}},"9":{"start":{"line":32,"column":8},"end":{"line":32,"column":73}},"10":{"start":{"line":36,"column":6},"end":{"line":38,"column":8}},"11":{"start":{"line":37,"column":18},"end":{"line":37,"column":null}},"12":{"start":{"line":44,"column":37},"end":{"line":44,"column":51}},"13":{"start":{"line":44,"column":23},"end":{"line":44,"column":25}},"14":{"start":{"line":44,"column":32},"end":{"line":44,"column":37}},"15":{"start":{"line":45,"column":22},"end":{"line":45,"column":61}},"16":{"start":{"line":46,"column":6},"end":{"line":46,"column":50}},"17":{"start":{"line":49,"column":6},"end":{"line":49,"column":29}},"18":{"start":{"line":50,"column":6},"end":{"line":50,"column":23}},"19":{"start":{"line":56,"column":2},"end":{"line":59,"column":null}},"20":{"start":{"line":61,"column":0},"end":{"line":61,"column":40}}},"fnMap":{"0":{"name":"(anonymous_2)","decl":{"start":{"line":19,"column":13},"end":{"line":19,"column":14}},"loc":{"start":{"line":19,"column":55},"end":{"line":27,"column":7}}},"1":{"name":"(anonymous_3)","decl":{"start":{"line":28,"column":13},"end":{"line":28,"column":14}},"loc":{"start":{"line":28,"column":37},"end":{"line":33,"column":7}}},"2":{"name":"(anonymous_4)","decl":{"start":{"line":35,"column":20},"end":{"line":35,"column":21}},"loc":{"start":{"line":35,"column":57},"end":{"line":39,"column":5}}},"3":{"name":"(anonymous_5)","decl":{"start":{"line":37,"column":8},"end":{"line":37,"column":9}},"loc":{"start":{"line":37,"column":13},"end":{"line":37,"column":22}}},"4":{"name":"(anonymous_6)","decl":{"start":{"line":40,"column":21},"end":{"line":40,"column":null}},"loc":{"start":{"line":42,"column":67},"end":{"line":47,"column":5}}},"5":{"name":"(anonymous_7)","decl":{"start":{"line":48,"column":20},"end":{"line":48,"column":21}},"loc":{"start":{"line":48,"column":26},"end":{"line":51,"column":5}}}},"branchMap":{"0":{"loc":{"start":{"line":22,"column":8},"end":{"line":26,"column":9}},"type":"if","locations":[{"start":{"line":22,"column":8},"end":{"line":26,"column":9}},{"start":{"line":24,"column":15},"end":{"line":26,"column":9}}]},"1":{"loc":{"start":{"line":29,"column":8},"end":{"line":31,"column":9}},"type":"if","locations":[{"start":{"line":29,"column":8},"end":{"line":31,"column":9}}]}},"s":{"0":2,"1":2,"2":2,"3":2,"4":2,"5":1,"6":1,"7":2,"8":1,"9":1,"10":1,"11":1,"12":1,"13":1,"14":1,"15":1,"16":1,"17":1,"18":1,"19":2,"20":2},"f":{"0":2,"1":2,"2":1,"3":1,"4":1,"5":1},"b":{"0":[1,1],"1":[1]}}
,"C:\\Users\\user\\Проект 12\\stellar-burgers\\src\\services\\slices\\index.ts": {"path":"C:\\Users\\user\\Проект 12\\stellar-burgers\\src\\services\\slices\\index.ts","statementMap":{"0":{"start":{"line":1,"column":0},"end":{"line":1,"column":51}},"1":{"start":{"line":2,"column":0},"end":{"line":2,"column":53}},"2":{"start":{"line":3,"column":0},"end":{"line":3,"column":53}},"3":{"start":{"line":4,"column":0},"end":{"line":4,"column":43}},"4":{"start":{"line":5,"column":0},"end":{"line":5,"column":39}},"5":{"start":{"line":7,"column":13},"end":{"line":12,"column":3}}},"fnMap":{},"branchMap":{},"s":{"0":1,"1":1,"2":1,"3":1,"4":1,"5":1},"f":{},"b":{}}
,"C:\\Users\\user\\Проект 12\\stellar-burgers\\src\\services\\slices\\ingredients-slice.ts": {"path":"C:\\Users\\user\\Проект 12\\stellar-burgers\\src\\services\\slices\\ingredients-slice.ts","statementMap":{"0":{"start":{"line":1,"column":0},"end":{"line":1,"column":41}},"1":{"start":{"line":2,"column":0},"end":{"line":2,"column":65}},"2":{"start":{"line":11,"column":39},"end":{"line":15,"column":2}},"3":{"start":{"line":17,"column":13},"end":{"line":23,"column":2}},"4":{"start":{"line":19,"column":2},"end":{"line":22,"column":null}},"5":{"start":{"line":20,"column":24},"end":{"line":20,"column":null}},"6":{"start":{"line":20,"column":10},"end":{"line":20,"column":null}},"7":{"start":{"line":21,"column":4},"end":{"line":21,"column":23}},"8":{"start":{"line":25,"column":25},"end":{"line":45,"column":2}},"9":{"start":{"line":30,"column":4},"end":{"line":43,"column":9}},"10":{"start":{"line":32,"column":8},"end":{"line":32,"column":29}},"11":{"start":{"line":33,"column":8},"end":{"line":33,"column":27}},"12":{"start":{"line":36,"column":8},"end":{"line":36,"column":30}},"13":{"start":{"line":37,"column":8},"end":{"line":38,"column":77}},"14":{"start":{"line":41,"column":8},"end":{"line":41,"column":30}},"15":{"start":{"line":42,"column":8},"end":{"line":42,"column":43}},"16":{"start":{"line":47,"column":0},"end":{"line":47,"column":40}}},"fnMap":{"0":{"name":"(anonymous_13)","decl":{"start":{"line":19,"column":2},"end":{"line":19,"column":null}},"loc":{"start":{"line":19,"column":2},"end":{"line":22,"column":null}}},"1":{"name":"(anonymous_16)","decl":{"start":{"line":29,"column":17},"end":{"line":29,"column":18}},"loc":{"start":{"line":29,"column":25},"end":{"line":44,"column":3}}},"2":{"name":"(anonymous_17)","decl":{"start":{"line":31,"column":41},"end":{"line":31,"column":42}},"loc":{"start":{"line":31,"column":47},"end":{"line":34,"column":7}}},"3":{"name":"(anonymous_18)","decl":{"start":{"line":35,"column":42},"end":{"line":35,"column":43}},"loc":{"start":{"line":35,"column":56},"end":{"line":39,"column":7}}},"4":{"name":"(anonymous_19)","decl":{"start":{"line":40,"column":43},"end":{"line":40,"column":44}},"loc":{"start":{"line":40,"column":57},"end":{"line":43,"column":7}}}},"branchMap":{"0":{"loc":{"start":{"line":20,"column":24},"end":{"line":20,"column":null}},"type":"switch","locations":[{"start":{"line":20,"column":24},"end":{"line":20,"column":null}}]},"1":{"loc":{"start":{"line":38,"column":10},"end":{"line":38,"column":76}},"type":"binary-expr","locations":[{"start":{"line":38,"column":10},"end":{"line":38,"column":30}},{"start":{"line":38,"column":34},"end":{"line":38,"column":76}}]}},"s":{"0":2,"1":2,"2":2,"3":2,"4":0,"5":0,"6":0,"7":0,"8":2,"9":2,"10":1,"11":1,"12":1,"13":1,"14":1,"15":1,"16":2},"f":{"0":0,"1":2,"2":1,"3":1,"4":1},"b":{"0":[0],"1":[1,0]}}
,"C:\\Users\\user\\Проект 12\\stellar-burgers\\src\\services\\slices\\orders-slice.ts": {"path":"C:\\Users\\user\\Проект 12\\stellar-burgers\\src\\services\\slices\\orders-slice.ts","statementMap":{"0":{"start":{"line":1,"column":0},"end":{"line":1,"column":null}},"1":{"start":{"line":7,"column":0},"end":{"line":7,"column":65}},"2":{"start":{"line":25,"column":34},"end":{"line":38,"column":2}},"3":{"start":{"line":40,"column":13},"end":{"line":43,"column":3}},"4":{"start":{"line":40,"column":62},"end":{"line":43,"column":2}},"5":{"start":{"line":41,"column":15},"end":{"line":41,"column":null}},"6":{"start":{"line":41,"column":8},"end":{"line":41,"column":null}},"7":{"start":{"line":42,"column":2},"end":{"line":42,"column":14}},"8":{"start":{"line":45,"column":13},"end":{"line":51,"column":2}},"9":{"start":{"line":47,"column":2},"end":{"line":50,"column":null}},"10":{"start":{"line":48,"column":17},"end":{"line":48,"column":null}},"11":{"start":{"line":48,"column":10},"end":{"line":48,"column":null}},"12":{"start":{"line":49,"column":4},"end":{"line":49,"column":16}},"13":{"start":{"line":53,"column":13},"end":{"line":59,"column":2}},"14":{"start":{"line":55,"column":23},"end":{"line":58,"column":null}},"15":{"start":{"line":56,"column":17},"end":{"line":56,"column":null}},"16":{"start":{"line":56,"column":10},"end":{"line":56,"column":null}},"17":{"start":{"line":57,"column":4},"end":{"line":57,"column":26}},"18":{"start":{"line":61,"column":13},"end":{"line":67,"column":2}},"19":{"start":{"line":63,"column":30},"end":{"line":66,"column":null}},"20":{"start":{"line":64,"column":17},"end":{"line":64,"column":null}},"21":{"start":{"line":64,"column":10},"end":{"line":64,"column":null}},"22":{"start":{"line":65,"column":4},"end":{"line":65,"column":42}},"23":{"start":{"line":69,"column":19},"end":{"line":129,"column":2}},"24":{"start":{"line":74,"column":6},"end":{"line":74,"column":32}},"25":{"start":{"line":75,"column":6},"end":{"line":75,"column":28}},"26":{"start":{"line":79,"column":4},"end":{"line":127,"column":9}},"27":{"start":{"line":81,"column":8},"end":{"line":81,"column":33}},"28":{"start":{"line":82,"column":8},"end":{"line":82,"column":27}},"29":{"start":{"line":85,"column":8},"end":{"line":85,"column":34}},"30":{"start":{"line":86,"column":8},"end":{"line":86,"column":76}},"31":{"start":{"line":89,"column":8},"end":{"line":89,"column":34}},"32":{"start":{"line":90,"column":8},"end":{"line":90,"column":36}},"33":{"start":{"line":93,"column":8},"end":{"line":93,"column":29}},"34":{"start":{"line":94,"column":8},"end":{"line":94,"column":27}},"35":{"start":{"line":97,"column":8},"end":{"line":97,"column":30}},"36":{"start":{"line":98,"column":8},"end":{"line":98,"column":76}},"37":{"start":{"line":101,"column":8},"end":{"line":101,"column":30}},"38":{"start":{"line":102,"column":8},"end":{"line":102,"column":42}},"39":{"start":{"line":105,"column":8},"end":{"line":105,"column":34}},"40":{"start":{"line":106,"column":8},"end":{"line":106,"column":27}},"41":{"start":{"line":109,"column":8},"end":{"line":109,"column":35}},"42":{"start":{"line":110,"column":8},"end":{"line":110,"column":75}},"43":{"start":{"line":113,"column":8},"end":{"line":113,"column":35}},"44":{"start":{"line":114,"column":8},"end":{"line":114,"column":42}},"45":{"start":{"line":117,"column":8},"end":{"line":117,"column":29}},"46":{"start":{"line":118,"column":8},"end":{"line":118,"column":27}},"47":{"start":{"line":121,"column":8},"end":{"line":121,"column":30}},"48":{"start":{"line":122,"column":8},"end":{"line":122,"column":73}},"49":{"start":{"line":125,"column":8},"end":{"line":125,"column":30}},"50":{"start":{"line":126,"column":8},"end":{"line":126,"column":44}},"51":{"start":{"line":131,"column":15},"end":{"line":131,"column":56}},"52":{"start":{"line":132,"column":0},"end":{"line":132,"column":34}}},"fnMap":{"0":{"name":"(anonymous_15)","decl":{"start":{"line":40,"column":62},"end":{"line":40,"column":null}},"loc":{"start":{"line":40,"column":62},"end":{"line":43,"column":2}}},"1":{"name":"(anonymous_18)","decl":{"start":{"line":47,"column":2},"end":{"line":47,"column":null}},"loc":{"start":{"line":47,"column":2},"end":{"line":50,"column":null}}},"2":{"name":"(anonymous_21)","decl":{"start":{"line":55,"column":2},"end":{"line":55,"column":9}},"loc":{"start":{"line":55,"column":23},"end":{"line":58,"column":null}}},"3":{"name":"(anonymous_22)","decl":{"start":{"line":55,"column":23},"end":{"line":55,"column":null}},"loc":{"start":{"line":55,"column":23},"end":{"line":58,"column":null}}},"4":{"name":"(anonymous_24)","decl":{"start":{"line":63,"column":2},"end":{"line":63,"column":9}},"loc":{"start":{"line":63,"column":30},"end":{"line":66,"column":null}}},"5":{"name":"(anonymous_25)","decl":{"start":{"line":63,"column":30},"end":{"line":63,"column":null}},"loc":{"start":{"line":63,"column":30},"end":{"line":66,"column":null}}},"6":{"name":"(anonymous_27)","decl":{"start":{"line":73,"column":21},"end":{"line":73,"column":22}},"loc":{"start":{"line":73,"column":27},"end":{"line":76,"column":5}}},"7":{"name":"(anonymous_28)","decl":{"start":{"line":78,"column":17},"end":{"line":78,"column":18}},"loc":{"start":{"line":78,"column":25},"end":{"line":128,"column":3}}},"8":{"name":"(anonymous_29)","decl":{"start":{"line":80,"column":34},"end":{"line":80,"column":35}},"loc":{"start":{"line":80,"column":40},"end":{"line":83,"column":7}}},"9":{"name":"(anonymous_30)","decl":{"start":{"line":84,"column":35},"end":{"line":84,"column":36}},"loc":{"start":{"line":84,"column":49},"end":{"line":87,"column":7}}},"10":{"name":"(anonymous_31)","decl":{"start":{"line":88,"column":36},"end":{"line":88,"column":37}},"loc":{"start":{"line":88,"column":50},"end":{"line":91,"column":7}}},"11":{"name":"(anonymous_32)","decl":{"start":{"line":92,"column":40},"end":{"line":92,"column":41}},"loc":{"start":{"line":92,"column":46},"end":{"line":95,"column":7}}},"12":{"name":"(anonymous_33)","decl":{"start":{"line":96,"column":41},"end":{"line":96,"column":42}},"loc":{"start":{"line":96,"column":55},"end":{"line":99,"column":7}}},"13":{"name":"(anonymous_34)","decl":{"start":{"line":100,"column":42},"end":{"line":100,"column":43}},"loc":{"start":{"line":100,"column":56},"end":{"line":103,"column":7}}},"14":{"name":"(anonymous_35)","decl":{"start":{"line":104,"column":43},"end":{"line":104,"column":44}},"loc":{"start":{"line":104,"column":49},"end":{"line":107,"column":7}}},"15":{"name":"(anonymous_36)","decl":{"start":{"line":108,"column":44},"end":{"line":108,"column":45}},"loc":{"start":{"line":108,"column":58},"end":{"line":111,"column":7}}},"16":{"name":"(anonymous_37)","decl":{"start":{"line":112,"column":45},"end":{"line":112,"column":46}},"loc":{"start":{"line":112,"column":59},"end":{"line":115,"column":7}}},"17":{"name":"(anonymous_38)","decl":{"start":{"line":116,"column":36},"end":{"line":116,"column":37}},"loc":{"start":{"line":116,"column":42},"end":{"line":119,"column":7}}},"18":{"name":"(anonymous_39)","decl":{"start":{"line":120,"column":37},"end":{"line":120,"column":38}},"loc":{"start":{"line":120,"column":51},"end":{"line":123,"column":7}}},"19":{"name":"(anonymous_40)","decl":{"start":{"line":124,"column":38},"end":{"line":124,"column":39}},"loc":{"start":{"line":124,"column":52},"end":{"line":127,"column":7}}}},"branchMap":{"0":{"loc":{"start":{"line":41,"column":15},"end":{"line":41,"column":null}},"type":"switch","locations":[{"start":{"line":41,"column":15},"end":{"line":41,"column":null}}]},"1":{"loc":{"start":{"line":48,"column":17},"end":{"line":48,"column":null}},"type":"switch","locations":[{"start":{"line":48,"column":17},"end":{"line":48,"column":null}}]},"2":{"loc":{"start":{"line":56,"column":17},"end":{"line":56,"column":null}},"type":"switch","locations":[{"start":{"line":56,"column":17},"end":{"line":56,"column":null}}]},"3":{"loc":{"start":{"line":64,"column":17},"end":{"line":64,"column":null}},"type":"switch","locations":[{"start":{"line":64,"column":17},"end":{"line":64,"column":null}}]},"4":{"loc":{"start":{"line":86,"column":22},"end":{"line":86,"column":75}},"type":"binary-expr","locations":[{"start":{"line":86,"column":22},"end":{"line":86,"column":42}},{"start":{"line":86,"column":46},"end":{"line":86,"column":75}}]},"5":{"loc":{"start":{"line":98,"column":22},"end":{"line":98,"column":75}},"type":"binary-expr","locations":[{"start":{"line":98,"column":22},"end":{"line":98,"column":42}},{"start":{"line":98,"column":46},"end":{"line":98,"column":75}}]},"6":{"loc":{"start":{"line":110,"column":22},"end":{"line":110,"column":74}},"type":"binary-expr","locations":[{"start":{"line":110,"column":22},"end":{"line":110,"column":42}},{"start":{"line":110,"column":46},"end":{"line":110,"column":74}}]},"7":{"loc":{"start":{"line":122,"column":22},"end":{"line":122,"column":72}},"type":"binary-expr","locations":[{"start":{"line":122,"column":22},"end":{"line":122,"column":42}},{"start":{"line":122,"column":46},"end":{"line":122,"column":72}}]}},"s":{"0":1,"1":1,"2":1,"3":1,"4":0,"5":0,"6":0,"7":0,"8":1,"9":0,"10":0,"11":0,"12":0,"13":1,"14":0,"15":0,"16":0,"17":0,"18":1,"19":0,"20":0,"21":0,"22":0,"23":1,"24":0,"25":0,"26":1,"27":0,"28":0,"29":0,"30":0,"31":0,"32":0,"33":0,"34":0,"35":0,"36":0,"37":0,"38":0,"39":0,"40":0,"41":0,"42":0,"43":0,"44":0,"45":0,"46":0,"47":0,"48":0,"49":0,"50":0,"51":1,"52":1},"f":{"0":0,"1":0,"2":0,"3":0,"4":0,"5":0,"6":0,"7":1,"8":0,"9":0,"10":0,"11":0,"12":0,"13":0,"14":0,"15":0,"16":0,"17":0,"18":0,"19":0},"b":{"0":[0],"1":[0],"2":[0],"3":[0],"4":[0,0],"5":[0,0],"6":[0,0],"7":[0,0]}}
,"C:\\Users\\user\\Проект 12\\stellar-burgers\\src\\utils\\burger-api.ts": {"path":"C:\\Users\\user\\Проект 12\\stellar-burgers\\src\\utils\\burger-api.ts","statementMap":{"0":{"start":{"line":1,"column":0},"end":{"line":1,"column":48}},"1":{"start":{"line":4,"column":12},"end":{"line":4,"column":38}},"2":{"start":{"line":6,"column":22},"end":{"line":7,"column":5}},"3":{"start":{"line":7,"column":2},"end":{"line":7,"column":70}},"4":{"start":{"line":7,"column":49},"end":{"line":7,"column":69}},"5":{"start":{"line":18,"column":28},"end":{"line":19,"column":7}},"6":{"start":{"line":19,"column":2},"end":{"line":36,"column":7}},"7":{"start":{"line":28,"column":19},"end":{"line":28,"column":56}},"8":{"start":{"line":30,"column":6},"end":{"line":32,"column":7}},"9":{"start":{"line":31,"column":8},"end":{"line":31,"column":43}},"10":{"start":{"line":33,"column":6},"end":{"line":33,"column":69}},"11":{"start":{"line":34,"column":6},"end":{"line":34,"column":56}},"12":{"start":{"line":35,"column":6},"end":{"line":35,"column":25}},"13":{"start":{"line":18,"column":13},"end":{"line":18,"column":28}},"14":{"start":{"line":38,"column":32},"end":{"line":58,"column":2}},"15":{"start":{"line":40,"column":22},"end":{"line":58,"column":2}},"16":{"start":{"line":43,"column":16},"end":{"line":43,"column":null}},"17":{"start":{"line":43,"column":10},"end":{"line":43,"column":null}},"18":{"start":{"line":44,"column":11},"end":{"line":44,"column":39}},"19":{"start":{"line":44,"column":4},"end":{"line":44,"column":39}},"20":{"start":{"line":46,"column":8},"end":{"line":46,"column":9}},"21":{"start":{"line":47,"column":26},"end":{"line":47,"column":null}},"22":{"start":{"line":47,"column":12},"end":{"line":47,"column":null}},"23":{"start":{"line":48,"column":6},"end":{"line":51,"column":7}},"24":{"start":{"line":49,"column":9},"end":{"line":50,"column":34}},"25":{"start":{"line":52,"column":18},"end":{"line":52,"column":null}},"26":{"start":{"line":52,"column":12},"end":{"line":52,"column":null}},"27":{"start":{"line":53,"column":13},"end":{"line":53,"column":41}},"28":{"start":{"line":53,"column":6},"end":{"line":53,"column":41}},"29":{"start":{"line":55,"column":6},"end":{"line":55,"column":33}},"30":{"start":{"line":38,"column":13},"end":{"line":38,"column":32}},"31":{"start":{"line":74,"column":33},"end":{"line":75,"column":7}},"32":{"start":{"line":75,"column":2},"end":{"line":80,"column":7}},"33":{"start":{"line":76,"column":19},"end":{"line":76,"column":60}},"34":{"start":{"line":78,"column":6},"end":{"line":78,"column":42}},"35":{"start":{"line":78,"column":25},"end":{"line":78,"column":42}},"36":{"start":{"line":79,"column":6},"end":{"line":79,"column":34}},"37":{"start":{"line":74,"column":13},"end":{"line":74,"column":33}},"38":{"start":{"line":82,"column":27},"end":{"line":83,"column":7}},"39":{"start":{"line":83,"column":2},"end":{"line":88,"column":7}},"40":{"start":{"line":84,"column":19},"end":{"line":84,"column":54}},"41":{"start":{"line":86,"column":6},"end":{"line":86,"column":37}},"42":{"start":{"line":86,"column":25},"end":{"line":86,"column":37}},"43":{"start":{"line":87,"column":6},"end":{"line":87,"column":34}},"44":{"start":{"line":82,"column":13},"end":{"line":82,"column":27}},"45":{"start":{"line":90,"column":28},"end":{"line":91,"column":18}},"46":{"start":{"line":91,"column":2},"end":{"line":100,"column":5}},"47":{"start":{"line":98,"column":4},"end":{"line":98,"column":42}},"48":{"start":{"line":98,"column":23},"end":{"line":98,"column":42}},"49":{"start":{"line":99,"column":4},"end":{"line":99,"column":32}},"50":{"start":{"line":90,"column":13},"end":{"line":90,"column":28}},"51":{"start":{"line":125,"column":30},"end":{"line":126,"column":18}},"52":{"start":{"line":126,"column":2},"end":{"line":138,"column":5}},"53":{"start":{"line":136,"column":4},"end":{"line":136,"column":35}},"54":{"start":{"line":136,"column":23},"end":{"line":136,"column":35}},"55":{"start":{"line":137,"column":4},"end":{"line":137,"column":32}},"56":{"start":{"line":125,"column":13},"end":{"line":125,"column":30}},"57":{"start":{"line":144,"column":35},"end":{"line":145,"column":7}},"58":{"start":{"line":145,"column":2},"end":{"line":150,"column":55}},"59":{"start":{"line":150,"column":19},"end":{"line":150,"column":54}},"60":{"start":{"line":144,"column":13},"end":{"line":144,"column":35}},"61":{"start":{"line":164,"column":31},"end":{"line":165,"column":7}},"62":{"start":{"line":165,"column":2},"end":{"line":176,"column":7}},"63":{"start":{"line":172,"column":19},"end":{"line":172,"column":53}},"64":{"start":{"line":174,"column":6},"end":{"line":174,"column":37}},"65":{"start":{"line":174,"column":25},"end":{"line":174,"column":37}},"66":{"start":{"line":175,"column":6},"end":{"line":175,"column":34}},"67":{"start":{"line":164,"column":13},"end":{"line":164,"column":31}},"68":{"start":{"line":183,"column":28},"end":{"line":184,"column":7}},"69":{"start":{"line":184,"column":2},"end":{"line":195,"column":7}},"70":{"start":{"line":191,"column":19},"end":{"line":191,"column":53}},"71":{"start":{"line":193,"column":6},"end":{"line":193,"column":37}},"72":{"start":{"line":193,"column":25},"end":{"line":193,"column":37}},"73":{"start":{"line":194,"column":6},"end":{"line":194,"column":34}},"74":{"start":{"line":183,"column":13},"end":{"line":183,"column":28}},"75":{"start":{"line":197,"column":33},"end":{"line":198,"column":7}},"76":{"start":{"line":198,"column":2},"end":{"line":209,"column":7}},"77":{"start":{"line":205,"column":19},"end":{"line":205,"column":59}},"78":{"start":{"line":207,"column":6},"end":{"line":207,"column":37}},"79":{"start":{"line":207,"column":25},"end":{"line":207,"column":37}},"80":{"start":{"line":208,"column":6},"end":{"line":208,"column":34}},"81":{"start":{"line":197,"column":13},"end":{"line":197,"column":33}},"82":{"start":{"line":211,"column":32},"end":{"line":212,"column":7}},"83":{"start":{"line":212,"column":2},"end":{"line":223,"column":7}},"84":{"start":{"line":219,"column":19},"end":{"line":219,"column":59}},"85":{"start":{"line":221,"column":6},"end":{"line":221,"column":37}},"86":{"start":{"line":221,"column":25},"end":{"line":221,"column":37}},"87":{"start":{"line":222,"column":6},"end":{"line":222,"column":34}},"88":{"start":{"line":211,"column":13},"end":{"line":211,"column":32}},"89":{"start":{"line":227,"column":26},"end":{"line":228,"column":18}},"90":{"start":{"line":228,"column":2},"end":{"line":232,"column":5}},"91":{"start":{"line":227,"column":13},"end":{"line":227,"column":26}},"92":{"start":{"line":234,"column":29},"end":{"line":235,"column":18}},"93":{"start":{"line":235,"column":2},"end":{"line":242,"column":5}},"94":{"start":{"line":234,"column":13},"end":{"line":234,"column":29}},"95":{"start":{"line":244,"column":25},"end":{"line":245,"column":7}},"96":{"start":{"line":245,"column":2},"end":{"line":253,"column":60}},"97":{"start":{"line":253,"column":19},"end":{"line":253,"column":59}},"98":{"start":{"line":244,"column":13},"end":{"line":244,"column":25}}},"fnMap":{"0":{"name":"(anonymous_13)","decl":{"start":{"line":6,"column":22},"end":{"line":6,"column":26}},"loc":{"start":{"line":6,"column":39},"end":{"line":7,"column":5}}},"1":{"name":"(anonymous_14)","decl":{"start":{"line":7,"column":40},"end":{"line":7,"column":41}},"loc":{"start":{"line":7,"column":44},"end":{"line":7,"column":56}}},"2":{"name":"(anonymous_15)","decl":{"start":{"line":18,"column":28},"end":{"line":18,"column":null}},"loc":{"start":{"line":18,"column":28},"end":{"line":19,"column":7}}},"3":{"name":"(anonymous_16)","decl":{"start":{"line":28,"column":10},"end":{"line":28,"column":11}},"loc":{"start":{"line":28,"column":14},"end":{"line":28,"column":32}}},"4":{"name":"(anonymous_17)","decl":{"start":{"line":29,"column":10},"end":{"line":29,"column":11}},"loc":{"start":{"line":29,"column":22},"end":{"line":36,"column":5}}},"5":{"name":"(anonymous_18)","decl":{"start":{"line":38,"column":32},"end":{"line":38,"column":null}},"loc":{"start":{"line":40,"column":22},"end":{"line":58,"column":2}}},"6":{"name":"(anonymous_19)","decl":{"start":{"line":40,"column":22},"end":{"line":40,"column":null}},"loc":{"start":{"line":40,"column":22},"end":{"line":58,"column":2}}},"7":{"name":"(anonymous_21)","decl":{"start":{"line":74,"column":33},"end":{"line":74,"column":null}},"loc":{"start":{"line":74,"column":33},"end":{"line":75,"column":7}}},"8":{"name":"(anonymous_22)","decl":{"start":{"line":76,"column":10},"end":{"line":76,"column":11}},"loc":{"start":{"line":76,"column":14},"end":{"line":76,"column":32}}},"9":{"name":"(anonymous_23)","decl":{"start":{"line":77,"column":10},"end":{"line":77,"column":11}},"loc":{"start":{"line":77,"column":15},"end":{"line":80,"column":5}}},"10":{"name":"(anonymous_24)","decl":{"start":{"line":82,"column":27},"end":{"line":82,"column":null}},"loc":{"start":{"line":82,"column":27},"end":{"line":83,"column":7}}},"11":{"name":"(anonymous_25)","decl":{"start":{"line":84,"column":10},"end":{"line":84,"column":11}},"loc":{"start":{"line":84,"column":14},"end":{"line":84,"column":32}}},"12":{"name":"(anonymous_26)","decl":{"start":{"line":85,"column":10},"end":{"line":85,"column":11}},"loc":{"start":{"line":85,"column":15},"end":{"line":88,"column":5}}},"13":{"name":"(anonymous_27)","decl":{"start":{"line":90,"column":28},"end":{"line":90,"column":null}},"loc":{"start":{"line":90,"column":28},"end":{"line":91,"column":18}}},"14":{"name":"(anonymous_28)","decl":{"start":{"line":97,"column":10},"end":{"line":97,"column":11}},"loc":{"start":{"line":97,"column":15},"end":{"line":100,"column":3}}},"15":{"name":"(anonymous_29)","decl":{"start":{"line":125,"column":30},"end":{"line":125,"column":31}},"loc":{"start":{"line":125,"column":45},"end":{"line":126,"column":18}}},"16":{"name":"(anonymous_30)","decl":{"start":{"line":135,"column":10},"end":{"line":135,"column":11}},"loc":{"start":{"line":135,"column":15},"end":{"line":138,"column":3}}},"17":{"name":"(anonymous_31)","decl":{"start":{"line":144,"column":35},"end":{"line":144,"column":36}},"loc":{"start":{"line":144,"column":50},"end":{"line":145,"column":7}}},"18":{"name":"(anonymous_32)","decl":{"start":{"line":150,"column":10},"end":{"line":150,"column":11}},"loc":{"start":{"line":150,"column":14},"end":{"line":150,"column":32}}},"19":{"name":"(anonymous_33)","decl":{"start":{"line":164,"column":31},"end":{"line":164,"column":32}},"loc":{"start":{"line":164,"column":51},"end":{"line":165,"column":7}}},"20":{"name":"(anonymous_34)","decl":{"start":{"line":172,"column":10},"end":{"line":172,"column":11}},"loc":{"start":{"line":172,"column":14},"end":{"line":172,"column":32}}},"21":{"name":"(anonymous_35)","decl":{"start":{"line":173,"column":10},"end":{"line":173,"column":11}},"loc":{"start":{"line":173,"column":15},"end":{"line":176,"column":5}}},"22":{"name":"(anonymous_36)","decl":{"start":{"line":183,"column":28},"end":{"line":183,"column":29}},"loc":{"start":{"line":183,"column":45},"end":{"line":184,"column":7}}},"23":{"name":"(anonymous_37)","decl":{"start":{"line":191,"column":10},"end":{"line":191,"column":11}},"loc":{"start":{"line":191,"column":14},"end":{"line":191,"column":32}}},"24":{"name":"(anonymous_38)","decl":{"start":{"line":192,"column":10},"end":{"line":192,"column":11}},"loc":{"start":{"line":192,"column":15},"end":{"line":195,"column":5}}},"25":{"name":"(anonymous_39)","decl":{"start":{"line":197,"column":33},"end":{"line":197,"column":34}},"loc":{"start":{"line":197,"column":57},"end":{"line":198,"column":7}}},"26":{"name":"(anonymous_40)","decl":{"start":{"line":205,"column":10},"end":{"line":205,"column":11}},"loc":{"start":{"line":205,"column":14},"end":{"line":205,"column":32}}},"27":{"name":"(anonymous_41)","decl":{"start":{"line":206,"column":10},"end":{"line":206,"column":11}},"loc":{"start":{"line":206,"column":15},"end":{"line":209,"column":5}}},"28":{"name":"(anonymous_42)","decl":{"start":{"line":211,"column":32},"end":{"line":211,"column":33}},"loc":{"start":{"line":211,"column":74},"end":{"line":212,"column":7}}},"29":{"name":"(anonymous_43)","decl":{"start":{"line":219,"column":10},"end":{"line":219,"column":11}},"loc":{"start":{"line":219,"column":14},"end":{"line":219,"column":32}}},"30":{"name":"(anonymous_44)","decl":{"start":{"line":220,"column":10},"end":{"line":220,"column":11}},"loc":{"start":{"line":220,"column":15},"end":{"line":223,"column":5}}},"31":{"name":"(anonymous_45)","decl":{"start":{"line":227,"column":26},"end":{"line":227,"column":null}},"loc":{"start":{"line":227,"column":26},"end":{"line":228,"column":18}}},"32":{"name":"(anonymous_46)","decl":{"start":{"line":234,"column":29},"end":{"line":234,"column":30}},"loc":{"start":{"line":234,"column":58},"end":{"line":235,"column":18}}},"33":{"name":"(anonymous_47)","decl":{"start":{"line":244,"column":25},"end":{"line":244,"column":null}},"loc":{"start":{"line":244,"column":25},"end":{"line":245,"column":7}}},"34":{"name":"(anonymous_48)","decl":{"start":{"line":253,"column":10},"end":{"line":253,"column":11}},"loc":{"start":{"line":253,"column":14},"end":{"line":253,"column":32}}}},"branchMap":{"0":{"loc":{"start":{"line":7,"column":2},"end":{"line":7,"column":69}},"type":"cond-expr","locations":[{"start":{"line":7,"column":11},"end":{"line":7,"column":21}},{"start":{"line":7,"column":24},"end":{"line":7,"column":69}}]},"1":{"loc":{"start":{"line":30,"column":6},"end":{"line":32,"column":7}},"type":"if","locations":[{"start":{"line":30,"column":6},"end":{"line":32,"column":7}}]},"2":{"loc":{"start":{"line":44,"column":4},"end":{"line":44,"column":39}},"type":"switch","locations":[{"start":{"line":44,"column":4},"end":{"line":44,"column":39}},{"start":{"line":53,"column":6},"end":{"line":53,"column":41}},{"start":{"line":55,"column":6},"end":{"line":55,"column":33}}]},"3":{"loc":{"start":{"line":46,"column":8},"end":{"line":46,"column":9}},"type":"if","locations":[{"start":{"line":46,"column":8},"end":{"line":46,"column":9}}]},"4":{"loc":{"start":{"line":48,"column":6},"end":{"line":51,"column":7}},"type":"if","locations":[{"start":{"line":48,"column":6},"end":{"line":51,"column":7}}]},"5":{"loc":{"start":{"line":78,"column":6},"end":{"line":78,"column":42}},"type":"if","locations":[{"start":{"line":78,"column":6},"end":{"line":78,"column":42}}]},"6":{"loc":{"start":{"line":78,"column":10},"end":{"line":78,"column":23}},"type":"cond-expr","locations":[{"start":{"line":78,"column":14},"end":{"line":78,"column":16}},{"start":{"line":78,"column":10},"end":{"line":78,"column":23}}]},"7":{"loc":{"start":{"line":78,"column":10},"end":{"line":78,"column":16}},"type":"binary-expr","locations":[{"start":{"line":78,"column":10},"end":{"line":78,"column":16}},{"start":{"line":78,"column":10},"end":{"line":78,"column":16}}]},"8":{"loc":{"start":{"line":86,"column":6},"end":{"line":86,"column":37}},"type":"if","locations":[{"start":{"line":86,"column":6},"end":{"line":86,"column":37}}]},"9":{"loc":{"start":{"line":86,"column":10},"end":{"line":86,"column":23}},"type":"cond-expr","locations":[{"start":{"line":86,"column":14},"end":{"line":86,"column":16}},{"start":{"line":86,"column":10},"end":{"line":86,"column":23}}]},"10":{"loc":{"start":{"line":86,"column":10},"end":{"line":86,"column":16}},"type":"binary-expr","locations":[{"start":{"line":86,"column":10},"end":{"line":86,"column":16}},{"start":{"line":86,"column":10},"end":{"line":86,"column":16}}]},"11":{"loc":{"start":{"line":98,"column":4},"end":{"line":98,"column":42}},"type":"if","locations":[{"start":{"line":98,"column":4},"end":{"line":98,"column":42}}]},"12":{"loc":{"start":{"line":98,"column":8},"end":{"line":98,"column":21}},"type":"cond-expr","locations":[{"start":{"line":98,"column":12},"end":{"line":98,"column":14}},{"start":{"line":98,"column":8},"end":{"line":98,"column":21}}]},"13":{"loc":{"start":{"line":98,"column":8},"end":{"line":98,"column":14}},"type":"binary-expr","locations":[{"start":{"line":98,"column":8},"end":{"line":98,"column":14}},{"start":{"line":98,"column":8},"end":{"line":98,"column":14}}]},"14":{"loc":{"start":{"line":136,"column":4},"end":{"line":136,"column":35}},"type":"if","locations":[{"start":{"line":136,"column":4},"end":{"line":136,"column":35}}]},"15":{"loc":{"start":{"line":136,"column":8},"end":{"line":136,"column":21}},"type":"cond-expr","locations":[{"start":{"line":136,"column":12},"end":{"line":136,"column":14}},{"start":{"line":136,"column":8},"end":{"line":136,"column":21}}]},"16":{"loc":{"start":{"line":136,"column":8},"end":{"line":136,"column":14}},"type":"binary-expr","locations":[{"start":{"line":136,"column":8},"end":{"line":136,"column":14}},{"start":{"line":136,"column":8},"end":{"line":136,"column":14}}]},"17":{"loc":{"start":{"line":174,"column":6},"end":{"line":174,"column":37}},"type":"if","locations":[{"start":{"line":174,"column":6},"end":{"line":174,"column":37}}]},"18":{"loc":{"start":{"line":174,"column":10},"end":{"line":174,"column":23}},"type":"cond-expr","locations":[{"start":{"line":174,"column":14},"end":{"line":174,"column":16}},{"start":{"line":174,"column":10},"end":{"line":174,"column":23}}]},"19":{"loc":{"start":{"line":174,"column":10},"end":{"line":174,"column":16}},"type":"binary-expr","locations":[{"start":{"line":174,"column":10},"end":{"line":174,"column":16}},{"start":{"line":174,"column":10},"end":{"line":174,"column":16}}]},"20":{"loc":{"start":{"line":193,"column":6},"end":{"line":193,"column":37}},"type":"if","locations":[{"start":{"line":193,"column":6},"end":{"line":193,"column":37}}]},"21":{"loc":{"start":{"line":193,"column":10},"end":{"line":193,"column":23}},"type":"cond-expr","locations":[{"start":{"line":193,"column":14},"end":{"line":193,"column":16}},{"start":{"line":193,"column":10},"end":{"line":193,"column":23}}]},"22":{"loc":{"start":{"line":193,"column":10},"end":{"line":193,"column":16}},"type":"binary-expr","locations":[{"start":{"line":193,"column":10},"end":{"line":193,"column":16}},{"start":{"line":193,"column":10},"end":{"line":193,"column":16}}]},"23":{"loc":{"start":{"line":207,"column":6},"end":{"line":207,"column":37}},"type":"if","locations":[{"start":{"line":207,"column":6},"end":{"line":207,"column":37}}]},"24":{"loc":{"start":{"line":207,"column":10},"end":{"line":207,"column":23}},"type":"cond-expr","locations":[{"start":{"line":207,"column":14},"end":{"line":207,"column":16}},{"start":{"line":207,"column":10},"end":{"line":207,"column":23}}]},"25":{"loc":{"start":{"line":207,"column":10},"end":{"line":207,"column":16}},"type":"binary-expr","locations":[{"start":{"line":207,"column":10},"end":{"line":207,"column":16}},{"start":{"line":207,"column":10},"end":{"line":207,"column":16}}]},"26":{"loc":{"start":{"line":221,"column":6},"end":{"line":221,"column":37}},"type":"if","locations":[{"start":{"line":221,"column":6},"end":{"line":221,"column":37}}]},"27":{"loc":{"start":{"line":221,"column":10},"end":{"line":221,"column":23}},"type":"cond-expr","locations":[{"start":{"line":221,"column":14},"end":{"line":221,"column":16}},{"start":{"line":221,"column":10},"end":{"line":221,"column":23}}]},"28":{"loc":{"start":{"line":221,"column":10},"end":{"line":221,"column":16}},"type":"binary-expr","locations":[{"start":{"line":221,"column":10},"end":{"line":221,"column":16}},{"start":{"line":221,"column":10},"end":{"line":221,"column":16}}]}},"s":{"0":2,"1":2,"2":2,"3":0,"4":0,"5":2,"6":0,"7":0,"8":0,"9":0,"10":0,"11":0,"12":0,"13":2,"14":2,"15":0,"16":0,"17":0,"18":0,"19":0,"20":0,"21":0,"22":0,"23":0,"24":0,"25":0,"26":0,"27":0,"28":0,"29":0,"30":2,"31":2,"32":0,"33":0,"34":0,"35":0,"36":0,"37":2,"38":2,"39":0,"40":0,"41":0,"42":0,"43":0,"44":2,"45":2,"46":0,"47":0,"48":0,"49":0,"50":2,"51":2,"52":0,"53":0,"54":0,"55":0,"56":2,"57":2,"58":0,"59":0,"60":2,"61":2,"62":0,"63":0,"64":0,"65":0,"66":0,"67":2,"68":2,"69":0,"70":0,"71":0,"72":0,"73":0,"74":2,"75":2,"76":0,"77":0,"78":0,"79":0,"80":0,"81":2,"82":2,"83":0,"84":0,"85":0,"86":0,"87":0,"88":2,"89":2,"90":0,"91":2,"92":2,"93":0,"94":2,"95":2,"96":0,"97":0,"98":2},"f":{"0":0,"1":0,"2":0,"3":0,"4":0,"5":0,"6":0,"7":0,"8":0,"9":0,"10":0,"11":0,"12":0,"13":0,"14":0,"15":0,"16":0,"17":0,"18":0,"19":0,"20":0,"21":0,"22":0,"23":0,"24":0,"25":0,"26":0,"27":0,"28":0,"29":0,"30":0,"31":0,"32":0,"33":0,"34":0},"b":{"0":[0,0],"1":[0],"2":[0,0,0],"3":[0],"4":[0],"5":[0],"6":[0,0],"7":[0,0],"8":[0],"9":[0,0],"10":[0,0],"11":[0],"12":[0,0],"13":[0,0],"14":[0],"15":[0,0],"16":[0,0],"17":[0],"18":[0,0],"19":[0,0],"20":[0],"21":[0,0],"22":[0,0],"23":[0],"24":[0,0],"25":[0,0],"26":[0],"27":[0,0],"28":[0,0]}}
,"C:\\Users\\user\\Проект 12\\stellar-burgers\\src\\utils\\cookie.ts": {"path":"C:\\Users\\user\\Проект 12\\stellar-burgers\\src\\utils\\cookie.ts","statementMap":{"0":{"start":{"line":2,"column":18},"end":{"line":8,"column":null}},"1":{"start":{"line":10,"column":2},"end":{"line":10,"column":62}},"2":{"start":{"line":1,"column":0},"end":{"line":1,"column":16}},"3":{"start":{"line":16,"column":2},"end":{"line":16,"column":null}},"4":{"start":{"line":18,"column":2},"end":{"line":21,"column":4}},"5":{"start":{"line":23,"column":12},"end":{"line":23,"column":25}},"6":{"start":{"line":24,"column":2},"end":{"line":28,"column":3}},"7":{"start":{"line":25,"column":14},"end":{"line":25,"column":24}},"8":{"start":{"line":26,"column":4},"end":{"line":26,"column":40}},"9":{"start":{"line":27,"column":4},"end":{"line":27,"column":28}},"10":{"start":{"line":30,"column":2},"end":{"line":32,"column":3}},"11":{"start":{"line":31,"column":4},"end":{"line":31,"column":38}},"12":{"start":{"line":33,"column":2},"end":{"line":33,"column":36}},"13":{"start":{"line":34,"column":22},"end":{"line":34,"column":40}},"14":{"start":{"line":35,"column":2},"end":{"line":41,"column":3}},"15":{"start":{"line":36,"column":4},"end":{"line":36,"column":37}},"16":{"start":{"line":37,"column":22},"end":{"line":37,"column":37}},"17":{"start":{"line":38,"column":4},"end":{"line":40,"column":5}},"18":{"start":{"line":39,"column":6},"end":{"line":39,"column":39}},"19":{"start":{"line":42,"column":2},"end":{"line":42,"column":34}},"20":{"start":{"line":13,"column":0},"end":{"line":13,"column":16}},"21":{"start":{"line":46,"column":2},"end":{"line":46,"column":39}},"22":{"start":{"line":45,"column":0},"end":{"line":45,"column":16}}},"fnMap":{"0":{"name":"getCookie","decl":{"start":{"line":1,"column":16},"end":{"line":1,"column":25}},"loc":{"start":{"line":1,"column":38},"end":{"line":11,"column":1}}},"1":{"name":"setCookie","decl":{"start":{"line":13,"column":16},"end":{"line":13,"column":25}},"loc":{"start":{"line":16,"column":65},"end":{"line":43,"column":1}}},"2":{"name":"deleteCookie","decl":{"start":{"line":45,"column":16},"end":{"line":45,"column":28}},"loc":{"start":{"line":45,"column":41},"end":{"line":47,"column":1}}}},"branchMap":{"0":{"loc":{"start":{"line":10,"column":9},"end":{"line":10,"column":61}},"type":"cond-expr","locations":[{"start":{"line":10,"column":19},"end":{"line":10,"column":49}},{"start":{"line":10,"column":52},"end":{"line":10,"column":61}}]},"1":{"loc":{"start":{"line":16,"column":2},"end":{"line":16,"column":null}},"type":"if","locations":[{"start":{"line":16,"column":2},"end":{"line":16,"column":null}}]},"2":{"loc":{"start":{"line":24,"column":2},"end":{"line":28,"column":3}},"type":"if","locations":[{"start":{"line":24,"column":2},"end":{"line":28,"column":3}}]},"3":{"loc":{"start":{"line":24,"column":6},"end":{"line":24,"column":36}},"type":"binary-expr","locations":[{"start":{"line":24,"column":6},"end":{"line":24,"column":9}},{"start":{"line":24,"column":13},"end":{"line":24,"column":36}}]},"4":{"loc":{"start":{"line":30,"column":2},"end":{"line":32,"column":3}},"type":"if","locations":[{"start":{"line":30,"column":2},"end":{"line":32,"column":3}}]},"5":{"loc":{"start":{"line":30,"column":6},"end":{"line":30,"column":32}},"type":"binary-expr","locations":[{"start":{"line":30,"column":6},"end":{"line":30,"column":9}},{"start":{"line":30,"column":13},"end":{"line":30,"column":32}}]},"6":{"loc":{"start":{"line":38,"column":4},"end":{"line":40,"column":5}},"type":"if","locations":[{"start":{"line":38,"column":4},"end":{"line":40,"column":5}}]}},"s":{"0":0,"1":0,"2":2,"3":0,"4":0,"5":0,"6":0,"7":0,"8":0,"9":0,"10":0,"11":0,"12":0,"13":0,"14":0,"15":0,"16":0,"17":0,"18":0,"19":0,"20":2,"21":0,"22":2},"f":{"0":0,"1":0,"2":0},"b":{"0":[0,0],"1":[0],"2":[0],"3":[0,0],"4":[0],"5":[0,0],"6":[0]}}
}
