TN:
SF:src\services\slices\auth-slice.ts
FN:34,(anonymous_13)
FN:34,(anonymous_14)
FN:44,(anonymous_16)
FN:44,(anonymous_17)
FN:52,(anonymous_19)
FN:58,(anonymous_22)
FN:65,(anonymous_25)
FN:65,(anonymous_26)
FN:73,(anonymous_28)
FN:73,(anonymous_29)
FN:80,(anonymous_31)
FN:80,(anonymous_32)
FN:89,(anonymous_34)
FN:91,(anonymous_35)
FN:95,(anonymous_36)
FN:99,(anonymous_37)
FN:105,(anonymous_38)
FN:109,(anonymous_39)
FN:113,(anonymous_40)
FN:119,(anonymous_41)
FN:125,(anonymous_42)
FN:129,(anonymous_43)
FN:133,(anonymous_44)
FN:140,(anonymous_45)
FN:144,(anonymous_46)
FN:148,(anonymous_47)
FN:153,(anonymous_48)
FN:157,(anonymous_49)
FN:161,(anonymous_50)
FN:165,(anonymous_51)
FN:169,(anonymous_52)
FN:173,(anonymous_53)
FNF:32
FNH:1
FNDA:0,(anonymous_13)
FNDA:0,(anonymous_14)
FNDA:0,(anonymous_16)
FNDA:0,(anonymous_17)
FNDA:0,(anonymous_19)
FNDA:0,(anonymous_22)
FNDA:0,(anonymous_25)
FNDA:0,(anonymous_26)
FNDA:0,(anonymous_28)
FNDA:0,(anonymous_29)
FNDA:0,(anonymous_31)
FNDA:0,(anonymous_32)
FNDA:1,(anonymous_34)
FNDA:0,(anonymous_35)
FNDA:0,(anonymous_36)
FNDA:0,(anonymous_37)
FNDA:0,(anonymous_38)
FNDA:0,(anonymous_39)
FNDA:0,(anonymous_40)
FNDA:0,(anonymous_41)
FNDA:0,(anonymous_42)
FNDA:0,(anonymous_43)
FNDA:0,(anonymous_44)
FNDA:0,(anonymous_45)
FNDA:0,(anonymous_46)
FNDA:0,(anonymous_47)
FNDA:0,(anonymous_48)
FNDA:0,(anonymous_49)
FNDA:0,(anonymous_50)
FNDA:0,(anonymous_51)
FNDA:0,(anonymous_52)
FNDA:0,(anonymous_53)
DA:1,1
DA:12,1
DA:14,1
DA:24,1
DA:32,1
DA:34,0
DA:35,0
DA:36,0
DA:37,0
DA:38,0
DA:42,1
DA:44,0
DA:45,0
DA:46,0
DA:47,0
DA:48,0
DA:52,1
DA:53,0
DA:54,0
DA:55,0
DA:58,1
DA:59,0
DA:60,0
DA:63,1
DA:65,0
DA:66,0
DA:67,0
DA:71,1
DA:73,0
DA:74,0
DA:78,1
DA:80,0
DA:81,0
DA:85,1
DA:90,1
DA:92,0
DA:93,0
DA:96,0
DA:97,0
DA:100,0
DA:101,0
DA:102,0
DA:106,0
DA:107,0
DA:110,0
DA:111,0
DA:114,0
DA:115,0
DA:116,0
DA:120,0
DA:121,0
DA:122,0
DA:126,0
DA:127,0
DA:130,0
DA:131,0
DA:134,0
DA:135,0
DA:136,0
DA:137,0
DA:141,0
DA:142,0
DA:145,0
DA:146,0
DA:149,0
DA:150,0
DA:154,0
DA:155,0
DA:158,0
DA:159,0
DA:162,0
DA:166,0
DA:167,0
DA:170,0
DA:171,0
DA:174,0
DA:179,1
LF:77
LH:14
BRDA:35,0,0,0
BRDA:45,1,0,0
BRDA:53,2,0,0
BRDA:59,3,0,0
BRDA:66,4,0,0
BRDA:74,5,0,0
BRDA:81,6,0,0
BRDA:97,7,0,0
BRDA:97,7,1,0
BRDA:111,8,0,0
BRDA:111,8,1,0
BRDA:146,9,0,0
BRDA:146,9,1,0
BRDA:159,10,0,0
BRDA:159,10,1,0
BRDA:171,11,0,0
BRDA:171,11,1,0
BRF:17
BRH:0
end_of_record
TN:
SF:src\services\slices\constructor-slice.ts
FN:19,(anonymous_2)
FN:28,(anonymous_3)
FN:35,(anonymous_4)
FN:37,(anonymous_5)
FN:40,(anonymous_6)
FN:48,(anonymous_7)
FNF:6
FNH:6
FNDA:2,(anonymous_2)
FNDA:2,(anonymous_3)
FNDA:1,(anonymous_4)
FNDA:1,(anonymous_5)
FNDA:1,(anonymous_6)
FNDA:1,(anonymous_7)
DA:1,2
DA:9,2
DA:14,2
DA:20,2
DA:22,2
DA:23,1
DA:25,1
DA:29,2
DA:30,1
DA:32,1
DA:36,1
DA:37,1
DA:44,1
DA:45,1
DA:46,1
DA:49,1
DA:50,1
DA:56,2
DA:61,2
LF:19
LH:19
BRDA:22,0,0,1
BRDA:22,0,1,1
BRDA:29,1,0,1
BRF:3
BRH:3
end_of_record
TN:
SF:src\services\slices\index.ts
FNF:0
FNH:0
DA:1,1
DA:2,1
DA:3,1
DA:4,1
DA:5,1
DA:7,1
LF:6
LH:6
BRF:0
BRH:0
end_of_record
TN:
SF:src\services\slices\ingredients-slice.ts
FN:19,(anonymous_13)
FN:29,(anonymous_16)
FN:31,(anonymous_17)
FN:35,(anonymous_18)
FN:40,(anonymous_19)
FNF:5
FNH:4
FNDA:0,(anonymous_13)
FNDA:2,(anonymous_16)
FNDA:1,(anonymous_17)
FNDA:1,(anonymous_18)
FNDA:1,(anonymous_19)
DA:1,2
DA:2,2
DA:11,2
DA:17,2
DA:19,0
DA:20,0
DA:21,0
DA:25,2
DA:30,2
DA:32,1
DA:33,1
DA:36,1
DA:37,1
DA:41,1
DA:42,1
DA:47,2
LF:16
LH:13
BRDA:20,0,0,0
BRDA:38,1,0,1
BRDA:38,1,1,0
BRF:3
BRH:1
end_of_record
TN:
SF:src\services\slices\orders-slice.ts
FN:40,(anonymous_15)
FN:47,(anonymous_18)
FN:55,(anonymous_21)
FN:55,(anonymous_22)
FN:63,(anonymous_24)
FN:63,(anonymous_25)
FN:73,(anonymous_27)
FN:78,(anonymous_28)
FN:80,(anonymous_29)
FN:84,(anonymous_30)
FN:88,(anonymous_31)
FN:92,(anonymous_32)
FN:96,(anonymous_33)
FN:100,(anonymous_34)
FN:104,(anonymous_35)
FN:108,(anonymous_36)
FN:112,(anonymous_37)
FN:116,(anonymous_38)
FN:120,(anonymous_39)
FN:124,(anonymous_40)
FNF:20
FNH:1
FNDA:0,(anonymous_15)
FNDA:0,(anonymous_18)
FNDA:0,(anonymous_21)
FNDA:0,(anonymous_22)
FNDA:0,(anonymous_24)
FNDA:0,(anonymous_25)
FNDA:0,(anonymous_27)
FNDA:1,(anonymous_28)
FNDA:0,(anonymous_29)
FNDA:0,(anonymous_30)
FNDA:0,(anonymous_31)
FNDA:0,(anonymous_32)
FNDA:0,(anonymous_33)
FNDA:0,(anonymous_34)
FNDA:0,(anonymous_35)
FNDA:0,(anonymous_36)
FNDA:0,(anonymous_37)
FNDA:0,(anonymous_38)
FNDA:0,(anonymous_39)
FNDA:0,(anonymous_40)
DA:1,1
DA:7,1
DA:25,1
DA:40,1
DA:41,0
DA:42,0
DA:45,1
DA:47,0
DA:48,0
DA:49,0
DA:53,1
DA:55,0
DA:56,0
DA:57,0
DA:61,1
DA:63,0
DA:64,0
DA:65,0
DA:69,1
DA:74,0
DA:75,0
DA:79,1
DA:81,0
DA:82,0
DA:85,0
DA:86,0
DA:89,0
DA:90,0
DA:93,0
DA:94,0
DA:97,0
DA:98,0
DA:101,0
DA:102,0
DA:105,0
DA:106,0
DA:109,0
DA:110,0
DA:113,0
DA:114,0
DA:117,0
DA:118,0
DA:121,0
DA:122,0
DA:125,0
DA:126,0
DA:131,1
DA:132,1
LF:48
LH:11
BRDA:41,0,0,0
BRDA:48,1,0,0
BRDA:56,2,0,0
BRDA:64,3,0,0
BRDA:86,4,0,0
BRDA:86,4,1,0
BRDA:98,5,0,0
BRDA:98,5,1,0
BRDA:110,6,0,0
BRDA:110,6,1,0
BRDA:122,7,0,0
BRDA:122,7,1,0
BRF:12
BRH:0
end_of_record
TN:
SF:src\utils\burger-api.ts
FN:6,(anonymous_13)
FN:7,(anonymous_14)
FN:18,(anonymous_15)
FN:28,(anonymous_16)
FN:29,(anonymous_17)
FN:38,(anonymous_18)
FN:40,(anonymous_19)
FN:74,(anonymous_21)
FN:76,(anonymous_22)
FN:77,(anonymous_23)
FN:82,(anonymous_24)
FN:84,(anonymous_25)
FN:85,(anonymous_26)
FN:90,(anonymous_27)
FN:97,(anonymous_28)
FN:125,(anonymous_29)
FN:135,(anonymous_30)
FN:144,(anonymous_31)
FN:150,(anonymous_32)
FN:164,(anonymous_33)
FN:172,(anonymous_34)
FN:173,(anonymous_35)
FN:183,(anonymous_36)
FN:191,(anonymous_37)
FN:192,(anonymous_38)
FN:197,(anonymous_39)
FN:205,(anonymous_40)
FN:206,(anonymous_41)
FN:211,(anonymous_42)
FN:219,(anonymous_43)
FN:220,(anonymous_44)
FN:227,(anonymous_45)
FN:234,(anonymous_46)
FN:244,(anonymous_47)
FN:253,(anonymous_48)
FNF:35
FNH:0
FNDA:0,(anonymous_13)
FNDA:0,(anonymous_14)
FNDA:0,(anonymous_15)
FNDA:0,(anonymous_16)
FNDA:0,(anonymous_17)
FNDA:0,(anonymous_18)
FNDA:0,(anonymous_19)
FNDA:0,(anonymous_21)
FNDA:0,(anonymous_22)
FNDA:0,(anonymous_23)
FNDA:0,(anonymous_24)
FNDA:0,(anonymous_25)
FNDA:0,(anonymous_26)
FNDA:0,(anonymous_27)
FNDA:0,(anonymous_28)
FNDA:0,(anonymous_29)
FNDA:0,(anonymous_30)
FNDA:0,(anonymous_31)
FNDA:0,(anonymous_32)
FNDA:0,(anonymous_33)
FNDA:0,(anonymous_34)
FNDA:0,(anonymous_35)
FNDA:0,(anonymous_36)
FNDA:0,(anonymous_37)
FNDA:0,(anonymous_38)
FNDA:0,(anonymous_39)
FNDA:0,(anonymous_40)
FNDA:0,(anonymous_41)
FNDA:0,(anonymous_42)
FNDA:0,(anonymous_43)
FNDA:0,(anonymous_44)
FNDA:0,(anonymous_45)
FNDA:0,(anonymous_46)
FNDA:0,(anonymous_47)
FNDA:0,(anonymous_48)
DA:1,2
DA:4,2
DA:6,2
DA:7,0
DA:18,2
DA:19,0
DA:28,0
DA:30,0
DA:31,0
DA:33,0
DA:34,0
DA:35,0
DA:38,2
DA:40,0
DA:43,0
DA:44,0
DA:46,0
DA:47,0
DA:48,0
DA:49,0
DA:52,0
DA:53,0
DA:55,0
DA:74,2
DA:75,0
DA:76,0
DA:78,0
DA:79,0
DA:82,2
DA:83,0
DA:84,0
DA:86,0
DA:87,0
DA:90,2
DA:91,0
DA:98,0
DA:99,0
DA:125,2
DA:126,0
DA:136,0
DA:137,0
DA:144,2
DA:145,0
DA:150,0
DA:164,2
DA:165,0
DA:172,0
DA:174,0
DA:175,0
DA:183,2
DA:184,0
DA:191,0
DA:193,0
DA:194,0
DA:197,2
DA:198,0
DA:205,0
DA:207,0
DA:208,0
DA:211,2
DA:212,0
DA:219,0
DA:221,0
DA:222,0
DA:227,2
DA:228,0
DA:234,2
DA:235,0
DA:244,2
DA:245,0
DA:253,0
LF:71
LH:17
BRDA:7,0,0,0
BRDA:7,0,1,0
BRDA:30,1,0,0
BRDA:44,2,0,0
BRDA:44,2,1,0
BRDA:44,2,2,0
BRDA:46,3,0,0
BRDA:48,4,0,0
BRDA:78,5,0,0
BRDA:78,6,0,0
BRDA:78,6,1,0
BRDA:78,7,0,0
BRDA:78,7,1,0
BRDA:86,8,0,0
BRDA:86,9,0,0
BRDA:86,9,1,0
BRDA:86,10,0,0
BRDA:86,10,1,0
BRDA:98,11,0,0
BRDA:98,12,0,0
BRDA:98,12,1,0
BRDA:98,13,0,0
BRDA:98,13,1,0
BRDA:136,14,0,0
BRDA:136,15,0,0
BRDA:136,15,1,0
BRDA:136,16,0,0
BRDA:136,16,1,0
BRDA:174,17,0,0
BRDA:174,18,0,0
BRDA:174,18,1,0
BRDA:174,19,0,0
BRDA:174,19,1,0
BRDA:193,20,0,0
BRDA:193,21,0,0
BRDA:193,21,1,0
BRDA:193,22,0,0
BRDA:193,22,1,0
BRDA:207,23,0,0
BRDA:207,24,0,0
BRDA:207,24,1,0
BRDA:207,25,0,0
BRDA:207,25,1,0
BRDA:221,26,0,0
BRDA:221,27,0,0
BRDA:221,27,1,0
BRDA:221,28,0,0
BRDA:221,28,1,0
BRF:48
BRH:0
end_of_record
TN:
SF:src\utils\cookie.ts
FN:1,getCookie
FN:13,setCookie
FN:45,deleteCookie
FNF:3
FNH:0
FNDA:0,getCookie
FNDA:0,setCookie
FNDA:0,deleteCookie
DA:1,2
DA:2,0
DA:10,0
DA:13,2
DA:16,0
DA:18,0
DA:23,0
DA:24,0
DA:25,0
DA:26,0
DA:27,0
DA:30,0
DA:31,0
DA:33,0
DA:34,0
DA:35,0
DA:36,0
DA:37,0
DA:38,0
DA:39,0
DA:42,0
DA:45,2
DA:46,0
LF:23
LH:3
BRDA:10,0,0,0
BRDA:10,0,1,0
BRDA:16,1,0,0
BRDA:24,2,0,0
BRDA:24,3,0,0
BRDA:24,3,1,0
BRDA:30,4,0,0
BRDA:30,5,0,0
BRDA:30,5,1,0
BRDA:38,6,0,0
BRF:10
BRH:0
end_of_record
